\BOOKMARK [1][-]{section*.2}{Editorial}{}% 1
\BOOKMARK [1][-]{section*.3}{Palabras del presidente}{}% 2
\BOOKMARK [1][-]{section.1}{El Concurso de Modelizaci\363n Matem\341tica del IMI}{}% 3
\BOOKMARK [2][-]{subsection.1.1}{Datos generales del concurso}{section.1}% 4
\BOOKMARK [2][-]{subsection.1.2}{El IMI}{section.1}% 5
\BOOKMARK [2][-]{subsection.1.3}{Las cuatro ediciones celebradas hasta ahora}{section.1}% 6
\BOOKMARK [2][-]{subsection.1.4}{Las pr\363ximas ediciones}{section.1}% 7
\BOOKMARK [1][-]{section.2}{XXVII CEDYA / XVII CMA}{}% 8
\BOOKMARK [1][-]{section.3}{Noticias}{}% 9
\BOOKMARK [2][-]{subsection.3.1}{Luis Vega, Premio Nacional de Investigaci\363n 2021}{section.3}% 10
\BOOKMARK [2][-]{subsection.3.2}{Apertura del Museo de Matem\341ticas en el Planetario de Arag\363n}{section.3}% 11
\BOOKMARK [2][-]{subsection.3.3}{Acto de presentaci\363n del Estudio de impacto socio-econ\363mico de las Matem\341ticas en el Parlamento de Andaluc\355a}{section.3}% 12
\BOOKMARK [2][-]{subsection.3.4}{Asociaci\363n entre el Instituto de Matem\341ticas de la Universidad de Granada y la Estaci\363n Internacional de Investigaci\363n para la Innovaci\363n y el Descubrimiento Matem\341tico en Banff}{section.3}% 13
\BOOKMARK [1][-]{section.4}{In memoriam Profesor Roland Glowinski}{}% 14
\BOOKMARK [1][-]{section.5}{Resumen de tesis}{}% 15
\BOOKMARK [1][-]{section.6}{Anuncios}{}% 16
\BOOKMARK [2][-]{subsection.6.1}{Convocatoria del XXV Premio SEMA \253Antonio Valle\273 al Joven Investigador \(2022\)}{section.6}% 17
\BOOKMARK [3][-]{subsubsection.6.1.1}{Pre\341mbulo}{subsection.6.1}% 18
\BOOKMARK [3][-]{subsubsection.6.1.2}{Bases Generales}{subsection.6.1}% 19
\BOOKMARK [3][-]{subsubsection.6.1.3}{Bases particulares de la convocatoria 2022}{subsection.6.1}% 20
\BOOKMARK [2][-]{subsection.6.2}{Premios de Investigaci\363n Matem\341tica Vicent Caselles. Real Sociedad Matem\341tica Espa\361ola - Fundaci\363n BBVA. Convocatoria 2022}{section.6}% 21
\BOOKMARK [2][-]{subsection.6.3}{International Doctoral Summer School on Modeling Nature \(MNat\) BIOMAT 2022}{section.6}% 22
\BOOKMARK [2][-]{subsection.6.4}{Primer anuncio: ALAMA2022-ALN2gg, junio de 2022}{section.6}% 23
\BOOKMARK [2][-]{subsection.6.5}{HYP2022, XVIII International Conference on Hyperbolic Problems: Theory, Numerics and Applications}{section.6}% 24
\BOOKMARK [2][-]{subsection.6.6}{Actividades del Instituto de Matem\341ticas de la Universidad de Sevilla, IMUS}{section.6}% 25
\BOOKMARK [2][-]{subsection.6.7}{Basque Center for Applied Mathematics}{section.6}% 26
\BOOKMARK [1][-]{section.7}{SEMA Journal}{}% 27
\BOOKMARK [1][-]{section.8}{Socios institucionales}{}% 28
