This is pdfTeX, Version 3.14159265-2.6-1.40.18 (TeX Live 2017) (preloaded format=pdflatex 2018.2.17)  4 FEB 2022 21:19
entering extended mode
 restricted \write18 enabled.
 file:line:error style messages enabled.
 %&-line parsing enabled.
**2022-01-07-Boletin-SEMA-ConcursoModelizacionMatematica.tex
(./2022-01-07-Boletin-SEMA-ConcursoModelizacionMatematica.tex
LaTeX2e <2017-04-15>
Babel <3.10> and hyphenation patterns for 84 language(s) loaded.

./2022-01-07-Boletin-SEMA-ConcursoModelizacionMatematica.tex:31: LaTeX Error: E
nvironment figure undefined.

See the LaTeX manual or LaTeX Companion for explanation.
Type  H <return>  for immediate help.
 ...                                              
                                                  
l.31 \begin{figure}
                   [t]
? 
./2022-01-07-Boletin-SEMA-ConcursoModelizacionMatematica.tex:31: Emergency stop
.
 ...                                              
                                                  
l.31 \begin{figure}
                   [t]
Your command was ignored.
Type  I <command> <return>  to replace it with another command,
or  <return>  to continue without it.

 
Here is how much of TeX's memory you used:
 7 strings out of 492995
 458 string characters out of 6132704
 54074 words of memory out of 5000000
 3659 multiletter control sequences out of 15000+600000
 3640 words of font info for 14 fonts, out of 8000000 for 9000
 1141 hyphenation exceptions out of 8191
 5i,0n,4p,155b,16s stack positions out of 5000i,500n,10000p,200000b,80000s
./2022-01-07-Boletin-SEMA-ConcursoModelizacionMatematica.tex:31:  ==> Fatal err
or occurred, no output PDF file produced!
